     1                                  bits 32
     2                                  
     3                                  global start        
     4                                  
     5                                  ; declare extern functions used by the programme
     6                                  extern exit, printf, scanf, fopen, fprintf, fclose         
     7                                  import exit msvcrt.dll    
     8                                  import printf msvcrt.dll    
     9                                  import scanf msvcrt.dll    
    10                                  import fopen msvcrt.dll
    11                                  import fprintf msvcrt.dll
    12                                  import fclose msvcrt.dll
    13                                                            
    14                                  segment data use32 class=data
    15 00000000 00000000                	x dd 0       
    16 00000004 00000000                    y dw 0, 0       
    17 00000008 00000000                    z db 0, 0, 0, 0
    18                                      ; char strings are of type byte
    19 0000000C 783D00                  	message1  db "x=", 0   
    20 0000000F 793D00                      message2  db "y=", 0
    21 00000012 7A3D00                      message3  db "z=", 0 
    22                                      
    23 00000015 256400                  	format_1  db "%d", 0
    24 00000018 52657A756C74617475-         text      db "Rezultatul este:", 0
    24 00000021 6C20657374653A00   
    25                                     
    26                                  segment code use32 class=code
    27                                      start:              
    28                                          
    29 00000000 68[0C000000]                    push dword message1
    30 00000005 FF15[00000000]                  call [printf]       
    31 0000000B 83C404                          add esp, 4*1 
    32                                                                                     
    33 0000000E 68[00000000]                    push dword x      
    34 00000013 68[15000000]                    push dword format_1
    35 00000018 FF15[00000000]                  call [scanf]    
    36 0000001E 83C408                          add esp, 4 * 2    
    37                                                             
    38 00000021 68[0F000000]                    push dword message2 
    39 00000026 FF15[00000000]                  call [printf]       
    40 0000002C 83C404                          add esp, 4*1        
    41                                                                                    
    42 0000002F 68[04000000]                    push dword y      
    43 00000034 68[15000000]                    push dword format_1
    44 00000039 FF15[00000000]                  call [scanf]       
    45 0000003F 83C408                          add esp, 4 * 2    
    46                                                             
    47                                  
    48 00000042 68[12000000]                    push dword message3 
    49 00000047 FF15[00000000]                  call [printf]       
    50 0000004D 83C404                          add esp, 4*1        
    51                                          
    52 00000050 68[08000000]                    push dword z     
    53 00000055 68[15000000]                    push dword format_1
    54 0000005A FF15[00000000]                  call [scanf]       
    55 00000060 83C408                          add esp, 4 * 2    
    56                                          
    57 00000063 66A1[00000000]                  mov ax, [x]
    58 00000069 668B15[02000000]                mov dx, [x+2]
    59 00000070 8B1D[04000000]                  mov ebx, [y]
    60 00000076 66F7FB                          idiv bx
    61                                          
    62 00000079 6689C3                          mov bx, ax
    63 0000007C A0[08000000]                    mov al, [z]
    64 00000081 6698                            cbw
    65                                          
    66 00000083 6601D8                          add ax, bx
    67                                          
    68 00000086 B502                            mov ch, 2
    69 00000088 F6FD                            idiv ch
    70                                          
    71 0000008A 6698                            cbw
    72 0000008C 98                              cwde
    73                                          
    74 0000008D 50                              push eax   
    75 0000008E 68[15000000]                    push dword format_1
    76 00000093 FF15[00000000]                  call [printf] 
    77 00000099 83C408                          add esp, 4 * 2
    78                                                 
    79                                          ; exit(0)
    80 0000009C 6A00                            push dword 0      ; place on stack parameter for exit
    81 0000009E FF15[00000000]                  call [exit]       ; call exit to terminate the program
